{"/Users/kennychan/Projects/serverless-portfolio/src/index.js": {"path":"/Users/kennychan/Projects/serverless-portfolio/src/index.js","statementMap":{"0":{"start":{"line":3,"column":14},"end":{"line":3,"column":31}},"1":{"start":{"line":4,"column":0},"end":{"line":4,"column":19}},"2":{"start":{"line":6,"column":11},"end":{"line":6,"column":17}},"3":{"start":{"line":8,"column":11},"end":{"line":8,"column":46}},"4":{"start":{"line":9,"column":1},"end":{"line":9,"column":76}},"5":{"start":{"line":13,"column":0},"end":{"line":15,"column":1}},"6":{"start":{"line":14,"column":1},"end":{"line":14,"column":18}},"7":{"start":{"line":18,"column":0},"end":{"line":21,"column":1}},"8":{"start":{"line":20,"column":1},"end":{"line":20,"column":90}},"9":{"start":{"line":20,"column":52},"end":{"line":20,"column":87}},"10":{"start":{"line":23,"column":0},"end":{"line":23,"column":7}}},"fnMap":{"0":{"name":"init","decl":{"start":{"line":7,"column":9},"end":{"line":7,"column":13}},"loc":{"start":{"line":7,"column":16},"end":{"line":10,"column":1}},"line":7},"1":{"name":"(anonymous_1)","decl":{"start":{"line":20,"column":39},"end":{"line":20,"column":40}},"loc":{"start":{"line":20,"column":51},"end":{"line":20,"column":88}},"line":20}},"branchMap":{"0":{"loc":{"start":{"line":13,"column":0},"end":{"line":15,"column":1}},"type":"if","locations":[{"start":{"line":13,"column":0},"end":{"line":15,"column":1}},{"start":{"line":13,"column":0},"end":{"line":15,"column":1}}],"line":13},"1":{"loc":{"start":{"line":18,"column":0},"end":{"line":21,"column":1}},"type":"if","locations":[{"start":{"line":18,"column":0},"end":{"line":21,"column":1}},{"start":{"line":18,"column":0},"end":{"line":21,"column":1}}],"line":18}},"s":{"0":0,"1":0,"2":0,"3":0,"4":0,"5":0,"6":0,"7":0,"8":0,"9":0,"10":0},"f":{"0":0,"1":0},"b":{"0":[0,0],"1":[0,0]}}
,"/Users/kennychan/Projects/serverless-portfolio/src/pwa.js": {"path":"/Users/kennychan/Projects/serverless-portfolio/src/pwa.js","statementMap":{"0":{"start":{"line":1,"column":28},"end":{"line":1,"column":61}},"1":{"start":{"line":1,"column":78},"end":{"line":1,"column":110}},"2":{"start":{"line":1,"column":149},"end":{"line":1,"column":203}},"3":{"start":{"line":3,"column":0},"end":{"line":14,"column":6}},"4":{"start":{"line":6,"column":2},"end":{"line":6,"column":30}},"5":{"start":{"line":7,"column":2},"end":{"line":7,"column":34}},"6":{"start":{"line":12,"column":2},"end":{"line":12,"column":25}},"7":{"start":{"line":13,"column":2},"end":{"line":13,"column":20}}},"fnMap":{"0":{"name":"_interopRequireDefault","decl":{"start":{"line":1,"column":120},"end":{"line":1,"column":142}},"loc":{"start":{"line":1,"column":148},"end":{"line":1,"column":204}},"line":1},"1":{"name":"onUpdateReady","decl":{"start":{"line":5,"column":25},"end":{"line":5,"column":38}},"loc":{"start":{"line":5,"column":41},"end":{"line":8,"column":2}},"line":5},"2":{"name":"onUpdated","decl":{"start":{"line":11,"column":21},"end":{"line":11,"column":30}},"loc":{"start":{"line":11,"column":33},"end":{"line":14,"column":2}},"line":11}},"branchMap":{"0":{"loc":{"start":{"line":1,"column":156},"end":{"line":1,"column":202}},"type":"cond-expr","locations":[{"start":{"line":1,"column":180},"end":{"line":1,"column":183}},{"start":{"line":1,"column":186},"end":{"line":1,"column":202}}],"line":1},"1":{"loc":{"start":{"line":1,"column":156},"end":{"line":1,"column":177}},"type":"binary-expr","locations":[{"start":{"line":1,"column":156},"end":{"line":1,"column":159}},{"start":{"line":1,"column":163},"end":{"line":1,"column":177}}],"line":1}},"s":{"0":0,"1":0,"2":0,"3":0,"4":0,"5":0,"6":0,"7":0},"f":{"0":0,"1":0,"2":0},"b":{"0":[0,0],"1":[0,0]}}
,"/Users/kennychan/Projects/serverless-portfolio/src/components/app.js": {"path":"/Users/kennychan/Projects/serverless-portfolio/src/components/app.js","statementMap":{"0":{"start":{"line":14,"column":2},"end":{"line":14,"column":26}},"1":{"start":{"line":18,"column":2},"end":{"line":27,"column":4}}},"fnMap":{"0":{"name":"(anonymous_0)","decl":{"start":{"line":13,"column":15},"end":{"line":13,"column":16}},"loc":{"start":{"line":13,"column":20},"end":{"line":15,"column":2}},"line":13},"1":{"name":"(anonymous_1)","decl":{"start":{"line":17,"column":1},"end":{"line":17,"column":2}},"loc":{"start":{"line":17,"column":10},"end":{"line":28,"column":2}},"line":17}},"branchMap":{},"s":{"0":8,"1":3},"f":{"0":8,"1":3},"b":{},"_coverageSchema":"332fd63041d2c1bcb487cc26dd0d5f7d97098a6c","hash":"5a89c3ac22c344468f5a783d30760d0ade9a2b15"}
,"/Users/kennychan/Projects/serverless-portfolio/src/components/header/index.js": {"path":"/Users/kennychan/Projects/serverless-portfolio/src/components/header/index.js","statementMap":{"0":{"start":{"line":7,"column":2},"end":{"line":16,"column":4}}},"fnMap":{"0":{"name":"(anonymous_0)","decl":{"start":{"line":6,"column":1},"end":{"line":6,"column":2}},"loc":{"start":{"line":6,"column":10},"end":{"line":17,"column":2}},"line":6}},"branchMap":{},"s":{"0":9},"f":{"0":9},"b":{},"_coverageSchema":"332fd63041d2c1bcb487cc26dd0d5f7d97098a6c","hash":"c47d6c2a75bd33b7cbba2dc8aa20fb115eba8a9a"}
,"/Users/kennychan/Projects/serverless-portfolio/src/components/home/index.js": {"path":"/Users/kennychan/Projects/serverless-portfolio/src/components/home/index.js","statementMap":{"0":{"start":{"line":6,"column":2},"end":{"line":11,"column":4}}},"fnMap":{"0":{"name":"(anonymous_0)","decl":{"start":{"line":5,"column":1},"end":{"line":5,"column":2}},"loc":{"start":{"line":5,"column":10},"end":{"line":12,"column":2}},"line":5}},"branchMap":{},"s":{"0":6},"f":{"0":6},"b":{},"_coverageSchema":"332fd63041d2c1bcb487cc26dd0d5f7d97098a6c","hash":"3f7846228530e2d4197ae79802ecee76b04ed66e"}
,"/Users/kennychan/Projects/serverless-portfolio/src/components/profile/index.js": {"path":"/Users/kennychan/Projects/serverless-portfolio/src/components/profile/index.js","statementMap":{"0":{"start":{"line":11,"column":13},"end":{"line":11,"column":40}},"1":{"start":{"line":12,"column":2},"end":{"line":12,"column":26}},"2":{"start":{"line":18,"column":2},"end":{"line":18,"column":50}},"3":{"start":{"line":19,"column":2},"end":{"line":19,"column":20}},"4":{"start":{"line":22,"column":2},"end":{"line":22,"column":47}},"5":{"start":{"line":27,"column":2},"end":{"line":27,"column":28}},"6":{"start":{"line":32,"column":2},"end":{"line":40,"column":4}}},"fnMap":{"0":{"name":"(anonymous_0)","decl":{"start":{"line":10,"column":14},"end":{"line":10,"column":15}},"loc":{"start":{"line":10,"column":20},"end":{"line":13,"column":2}},"line":10},"1":{"name":"(anonymous_1)","decl":{"start":{"line":16,"column":1},"end":{"line":16,"column":2}},"loc":{"start":{"line":16,"column":21},"end":{"line":23,"column":2}},"line":16},"2":{"name":"(anonymous_2)","decl":{"start":{"line":26,"column":1},"end":{"line":26,"column":2}},"loc":{"start":{"line":26,"column":24},"end":{"line":28,"column":2}},"line":26},"3":{"name":"(anonymous_3)","decl":{"start":{"line":31,"column":1},"end":{"line":31,"column":2}},"loc":{"start":{"line":31,"column":35},"end":{"line":41,"column":2}},"line":31}},"branchMap":{},"s":{"0":6,"1":6,"2":4,"3":4,"4":4,"5":0,"6":12},"f":{"0":6,"1":4,"2":0,"3":12},"b":{},"_coverageSchema":"332fd63041d2c1bcb487cc26dd0d5f7d97098a6c","hash":"9ebce47f10b9449cf73060293806779e8c498656"}
}
