TN:
SF:/Users/kennychan/Projects/serverless-portfolio/src/index.js
FN:7,init
FN:20,(anonymous_1)
FNF:2
FNH:0
FNDA:0,init
FNDA:0,(anonymous_1)
DA:3,0
DA:4,0
DA:6,0
DA:8,0
DA:9,0
DA:13,0
DA:14,0
DA:18,0
DA:20,0
DA:23,0
LF:10
LH:0
BRDA:13,0,0,0
BRDA:13,0,1,0
BRDA:18,1,0,0
BRDA:18,1,1,0
BRF:4
BRH:0
end_of_record
TN:
SF:/Users/kennychan/Projects/serverless-portfolio/src/pwa.js
FN:1,_interopRequireDefault
FN:5,onUpdateReady
FN:11,onUpdated
FNF:3
FNH:0
FNDA:0,_interopRequireDefault
FNDA:0,onUpdateReady
FNDA:0,onUpdated
DA:1,0
DA:3,0
DA:6,0
DA:7,0
DA:12,0
DA:13,0
LF:6
LH:0
BRDA:1,0,0,0
BRDA:1,0,1,0
BRDA:1,1,0,0
BRDA:1,1,1,0
BRF:4
BRH:0
end_of_record
TN:
SF:/Users/kennychan/Projects/serverless-portfolio/src/components/app.js
FN:13,(anonymous_0)
FN:17,(anonymous_1)
FNF:2
FNH:2
FNDA:8,(anonymous_0)
FNDA:3,(anonymous_1)
DA:14,8
DA:18,3
LF:2
LH:2
BRF:0
BRH:0
end_of_record
TN:
SF:/Users/kennychan/Projects/serverless-portfolio/src/components/header/index.js
FN:6,(anonymous_0)
FNF:1
FNH:1
FNDA:9,(anonymous_0)
DA:7,9
LF:1
LH:1
BRF:0
BRH:0
end_of_record
TN:
SF:/Users/kennychan/Projects/serverless-portfolio/src/components/home/index.js
FN:5,(anonymous_0)
FNF:1
FNH:1
FNDA:6,(anonymous_0)
DA:6,6
LF:1
LH:1
BRF:0
BRH:0
end_of_record
TN:
SF:/Users/kennychan/Projects/serverless-portfolio/src/components/profile/index.js
FN:10,(anonymous_0)
FN:16,(anonymous_1)
FN:26,(anonymous_2)
FN:31,(anonymous_3)
FNF:4
FNH:3
FNDA:6,(anonymous_0)
FNDA:4,(anonymous_1)
FNDA:0,(anonymous_2)
FNDA:12,(anonymous_3)
DA:11,6
DA:12,6
DA:18,4
DA:19,4
DA:22,4
DA:27,0
DA:32,12
LF:7
LH:6
BRF:0
BRH:0
end_of_record
